{"/home/patrik/Code/rarolabs/middleware-service-validation/src/clients/IFuncionamentoBBCEApi.ts": {"path":"/home/patrik/Code/rarolabs/middleware-service-validation/src/clients/IFuncionamentoBBCEApi.ts","statementMap":{"0":{"start":{"line":9,"column":0},"end":{"line":9,"column":null}},"1":{"start":{"line":10,"column":2},"end":{"line":10,"column":null}},"2":{"start":{"line":11,"column":2},"end":{"line":11,"column":null}},"3":{"start":{"line":12,"column":2},"end":{"line":12,"column":null}},"4":{"start":{"line":13,"column":2},"end":{"line":13,"column":null}},"5":{"start":{"line":14,"column":2},"end":{"line":14,"column":null}},"6":{"start":{"line":15,"column":2},"end":{"line":15,"column":null}},"7":{"start":{"line":16,"column":2},"end":{"line":16,"column":null}}},"fnMap":{"0":{"name":"(anonymous_0)","decl":{"start":{"line":9,"column":0},"end":{"line":9,"column":12}},"loc":{"start":{"line":9,"column":25},"end":{"line":17,"column":1}}}},"branchMap":{"0":{"loc":{"start":{"line":9,"column":12},"end":{"line":9,"column":25}},"type":"binary-expr","locations":[{"start":{"line":9,"column":12},"end":{"line":9,"column":25}},{"start":{"line":9,"column":12},"end":{"line":9,"column":null}}]}},"s":{"0":3,"1":3,"2":3,"3":3,"4":3,"5":3,"6":3,"7":3},"f":{"0":3},"b":{"0":[3,3]}}
,"/home/patrik/Code/rarolabs/middleware-service-validation/src/clients/funcionamentoBBCEApi.ts": {"path":"/home/patrik/Code/rarolabs/middleware-service-validation/src/clients/funcionamentoBBCEApi.ts","statementMap":{"0":{"start":{"line":1,"column":0},"end":{"line":1,"column":41}},"1":{"start":{"line":7,"column":0},"end":{"line":7,"column":21}},"2":{"start":{"line":10,"column":12},"end":{"line":10,"column":36}},"3":{"start":{"line":13,"column":15},"end":{"line":15,"column":null}},"4":{"start":{"line":14,"column":12},"end":{"line":14,"column":59}},"5":{"start":{"line":14,"column":4},"end":{"line":14,"column":65}},"6":{"start":{"line":7,"column":21},"end":{"line":16,"column":null}},"7":{"start":{"line":16,"column":0},"end":{"line":16,"column":null}},"8":{"start":{"line":7,"column":21},"end":{"line":7,"column":null}}},"fnMap":{"0":{"name":"(anonymous_17)","decl":{"start":{"line":7,"column":0},"end":{"line":7,"column":21}},"loc":{"start":{"line":7,"column":0},"end":{"line":7,"column":21}}},"1":{"name":"FuncionamentoBBCEApi","decl":{"start":{"line":8,"column":2},"end":{"line":8,"column":null}},"loc":{"start":{"line":10,"column":36},"end":{"line":11,"column":6}}},"2":{"name":"(anonymous_19)","decl":{"start":{"line":13,"column":2},"end":{"line":13,"column":15}},"loc":{"start":{"line":13,"column":2},"end":{"line":15,"column":null}}}},"branchMap":{"0":{"loc":{"start":{"line":14,"column":12},"end":{"line":14,"column":59}},"type":"switch","locations":[{"start":{"line":14,"column":12},"end":{"line":14,"column":59}},{"start":{"line":14,"column":4},"end":{"line":14,"column":65}}]}},"s":{"0":2,"1":2,"2":0,"3":2,"4":0,"5":0,"6":2,"7":2,"8":2},"f":{"0":2,"1":0,"2":0},"b":{"0":[0,0]}}
,"/home/patrik/Code/rarolabs/middleware-service-validation/src/clients/permissoesApi.ts": {"path":"/home/patrik/Code/rarolabs/middleware-service-validation/src/clients/permissoesApi.ts","statementMap":{"0":{"start":{"line":1,"column":0},"end":{"line":1,"column":41}},"1":{"start":{"line":7,"column":0},"end":{"line":7,"column":21}},"2":{"start":{"line":10,"column":12},"end":{"line":10,"column":36}},"3":{"start":{"line":13,"column":15},"end":{"line":15,"column":null}},"4":{"start":{"line":14,"column":12},"end":{"line":14,"column":71}},"5":{"start":{"line":14,"column":4},"end":{"line":14,"column":77}},"6":{"start":{"line":7,"column":21},"end":{"line":16,"column":null}},"7":{"start":{"line":16,"column":0},"end":{"line":16,"column":null}},"8":{"start":{"line":7,"column":21},"end":{"line":7,"column":null}}},"fnMap":{"0":{"name":"(anonymous_17)","decl":{"start":{"line":7,"column":0},"end":{"line":7,"column":21}},"loc":{"start":{"line":7,"column":0},"end":{"line":7,"column":21}}},"1":{"name":"PermissoesApi","decl":{"start":{"line":8,"column":2},"end":{"line":8,"column":null}},"loc":{"start":{"line":10,"column":36},"end":{"line":11,"column":6}}},"2":{"name":"(anonymous_19)","decl":{"start":{"line":13,"column":2},"end":{"line":13,"column":15}},"loc":{"start":{"line":13,"column":48},"end":{"line":15,"column":null}}}},"branchMap":{"0":{"loc":{"start":{"line":14,"column":12},"end":{"line":14,"column":71}},"type":"switch","locations":[{"start":{"line":14,"column":12},"end":{"line":14,"column":71}},{"start":{"line":14,"column":4},"end":{"line":14,"column":77}}]}},"s":{"0":2,"1":2,"2":0,"3":2,"4":0,"5":0,"6":2,"7":2,"8":2},"f":{"0":2,"1":0,"2":0},"b":{"0":[0,0]}}
,"/home/patrik/Code/rarolabs/middleware-service-validation/src/middleware/controleAcesso.ts": {"path":"/home/patrik/Code/rarolabs/middleware-service-validation/src/middleware/controleAcesso.ts","statementMap":{"0":{"start":{"line":2,"column":0},"end":{"line":2,"column":41}},"1":{"start":{"line":4,"column":0},"end":{"line":4,"column":26}},"2":{"start":{"line":6,"column":0},"end":{"line":6,"column":53}},"3":{"start":{"line":7,"column":0},"end":{"line":7,"column":67}},"4":{"start":{"line":8,"column":0},"end":{"line":8,"column":70}},"5":{"start":{"line":9,"column":0},"end":{"line":9,"column":85}},"6":{"start":{"line":10,"column":0},"end":{"line":10,"column":101}},"7":{"start":{"line":18,"column":0},"end":{"line":18,"column":13}},"8":{"start":{"line":19,"column":55},"end":{"line":19,"column":78}},"9":{"start":{"line":21,"column":8},"end":{"line":39,"column":null}},"10":{"start":{"line":24,"column":12},"end":{"line":24,"column":48}},"11":{"start":{"line":25,"column":12},"end":{"line":25,"column":77}},"12":{"start":{"line":25,"column":62},"end":{"line":25,"column":76}},"13":{"start":{"line":28,"column":31},"end":{"line":28,"column":null}},"14":{"start":{"line":28,"column":12},"end":{"line":28,"column":null}},"15":{"start":{"line":30,"column":6},"end":{"line":30,"column":41}},"16":{"start":{"line":31,"column":6},"end":{"line":31,"column":13}},"17":{"start":{"line":33,"column":6},"end":{"line":37,"column":null}},"18":{"start":{"line":34,"column":8},"end":{"line":34,"column":57}},"19":{"start":{"line":36,"column":8},"end":{"line":36,"column":20}},"20":{"start":{"line":41,"column":8},"end":{"line":57,"column":null}},"21":{"start":{"line":44,"column":12},"end":{"line":44,"column":48}},"22":{"start":{"line":45,"column":12},"end":{"line":45,"column":77}},"23":{"start":{"line":45,"column":62},"end":{"line":45,"column":76}},"24":{"start":{"line":46,"column":12},"end":{"line":46,"column":30}},"25":{"start":{"line":48,"column":6},"end":{"line":48,"column":96}},"26":{"start":{"line":49,"column":6},"end":{"line":49,"column":13}},"27":{"start":{"line":51,"column":6},"end":{"line":55,"column":null}},"28":{"start":{"line":52,"column":8},"end":{"line":52,"column":57}},"29":{"start":{"line":54,"column":8},"end":{"line":54,"column":20}},"30":{"start":{"line":18,"column":13},"end":{"line":58,"column":null}},"31":{"start":{"line":58,"column":0},"end":{"line":58,"column":null}},"32":{"start":{"line":18,"column":13},"end":{"line":18,"column":27}},"33":{"start":{"line":60,"column":0},"end":{"line":60,"column":13}},"34":{"start":{"line":61,"column":9},"end":{"line":75,"column":null}},"35":{"start":{"line":62,"column":30},"end":{"line":64,"column":6}},"36":{"start":{"line":66,"column":37},"end":{"line":68,"column":6}},"37":{"start":{"line":70,"column":26},"end":{"line":70,"column":62}},"38":{"start":{"line":71,"column":33},"end":{"line":71,"column":83}},"39":{"start":{"line":72,"column":34},"end":{"line":72,"column":96}},"40":{"start":{"line":74,"column":4},"end":{"line":74,"column":53}},"41":{"start":{"line":76,"column":0},"end":{"line":76,"column":null}},"42":{"start":{"line":60,"column":13},"end":{"line":60,"column":34}}},"fnMap":{"0":{"name":"(anonymous_18)","decl":{"start":{"line":18,"column":0},"end":{"line":18,"column":13}},"loc":{"start":{"line":18,"column":0},"end":{"line":18,"column":13}}},"1":{"name":"ControleAcesso","decl":{"start":{"line":19,"column":2},"end":{"line":19,"column":15}},"loc":{"start":{"line":19,"column":99},"end":{"line":19,"column":103}}},"2":{"name":"(anonymous_20)","decl":{"start":{"line":21,"column":2},"end":{"line":21,"column":8}},"loc":{"start":{"line":21,"column":90},"end":{"line":39,"column":null}}},"3":{"name":"(anonymous_23)","decl":{"start":{"line":25,"column":53},"end":{"line":25,"column":58}},"loc":{"start":{"line":25,"column":58},"end":{"line":25,"column":68}}},"4":{"name":"(anonymous_24)","decl":{"start":{"line":41,"column":2},"end":{"line":41,"column":8}},"loc":{"start":{"line":41,"column":89},"end":{"line":57,"column":null}}},"5":{"name":"(anonymous_27)","decl":{"start":{"line":45,"column":53},"end":{"line":45,"column":58}},"loc":{"start":{"line":45,"column":58},"end":{"line":45,"column":68}}},"6":{"name":"(anonymous_28)","decl":{"start":{"line":60,"column":0},"end":{"line":60,"column":13}},"loc":{"start":{"line":60,"column":0},"end":{"line":76,"column":null}}},"7":{"name":"(anonymous_30)","decl":{"start":{"line":61,"column":2},"end":{"line":61,"column":9}},"loc":{"start":{"line":61,"column":80},"end":{"line":75,"column":3}}}},"branchMap":{"0":{"loc":{"start":{"line":33,"column":6},"end":{"line":37,"column":null}},"type":"if","locations":[{"start":{"line":33,"column":6},"end":{"line":37,"column":null}},{"start":{"line":33,"column":6},"end":{"line":37,"column":null}}]},"1":{"loc":{"start":{"line":33,"column":10},"end":{"line":33,"column":51}},"type":"binary-expr","locations":[{"start":{"line":33,"column":10},"end":{"line":33,"column":51}},{"start":{"line":33,"column":55},"end":{"line":33,"column":92}}]},"2":{"loc":{"start":{"line":51,"column":6},"end":{"line":55,"column":null}},"type":"if","locations":[{"start":{"line":51,"column":6},"end":{"line":55,"column":null}},{"start":{"line":51,"column":6},"end":{"line":55,"column":null}}]},"3":{"loc":{"start":{"line":51,"column":10},"end":{"line":51,"column":52}},"type":"binary-expr","locations":[{"start":{"line":51,"column":10},"end":{"line":51,"column":52}},{"start":{"line":51,"column":56},"end":{"line":51,"column":98}}]}},"s":{"0":1,"1":1,"2":1,"3":1,"4":1,"5":1,"6":1,"7":1,"8":1,"9":1,"10":4,"11":4,"12":12,"13":4,"14":4,"15":1,"16":1,"17":3,"18":0,"19":3,"20":1,"21":4,"22":4,"23":12,"24":4,"25":8,"26":1,"27":3,"28":0,"29":3,"30":1,"31":1,"32":1,"33":1,"34":1,"35":0,"36":0,"37":0,"38":0,"39":0,"40":0,"41":1,"42":1},"f":{"0":1,"1":1,"2":4,"3":12,"4":4,"5":12,"6":1,"7":0},"b":{"0":[0,3],"1":[3,3],"2":[0,3],"3":[3,3]}}
,"/home/patrik/Code/rarolabs/middleware-service-validation/src/services/controleAcessoService.ts": {"path":"/home/patrik/Code/rarolabs/middleware-service-validation/src/services/controleAcessoService.ts","statementMap":{"0":{"start":{"line":1,"column":0},"end":{"line":1,"column":41}},"1":{"start":{"line":2,"column":0},"end":{"line":2,"column":53}},"2":{"start":{"line":3,"column":0},"end":{"line":3,"column":67}},"3":{"start":{"line":6,"column":0},"end":{"line":6,"column":102}},"4":{"start":{"line":8,"column":0},"end":{"line":8,"column":85}},"5":{"start":{"line":9,"column":0},"end":{"line":9,"column":101}},"6":{"start":{"line":12,"column":0},"end":{"line":12,"column":21}},"7":{"start":{"line":15,"column":12},"end":{"line":15,"column":27}},"8":{"start":{"line":17,"column":12},"end":{"line":17,"column":34}},"9":{"start":{"line":20,"column":15},"end":{"line":40,"column":null}},"10":{"start":{"line":22,"column":32},"end":{"line":22,"column":null}},"11":{"start":{"line":22,"column":12},"end":{"line":22,"column":null}},"12":{"start":{"line":24,"column":12},"end":{"line":32,"column":8}},"13":{"start":{"line":26,"column":10},"end":{"line":28,"column":null}},"14":{"start":{"line":27,"column":12},"end":{"line":27,"column":42}},"15":{"start":{"line":29,"column":10},"end":{"line":29,"column":30}},"16":{"start":{"line":34,"column":6},"end":{"line":34,"column":32}},"17":{"start":{"line":38,"column":6},"end":{"line":38,"column":43}},"18":{"start":{"line":42,"column":8},"end":{"line":53,"column":null}},"19":{"start":{"line":44,"column":41},"end":{"line":44,"column":null}},"20":{"start":{"line":44,"column":10},"end":{"line":44,"column":null}},"21":{"start":{"line":46,"column":10},"end":{"line":46,"column":119}},"22":{"start":{"line":46,"column":82},"end":{"line":46,"column":118}},"23":{"start":{"line":48,"column":4},"end":{"line":50,"column":null}},"24":{"start":{"line":49,"column":6},"end":{"line":49,"column":39}},"25":{"start":{"line":52,"column":4},"end":{"line":52,"column":28}},"26":{"start":{"line":59,"column":10},"end":{"line":68,"column":null}},"27":{"start":{"line":60,"column":21},"end":{"line":60,"column":48}},"28":{"start":{"line":61,"column":25},"end":{"line":61,"column":76}},"29":{"start":{"line":61,"column":50},"end":{"line":61,"column":76}},"30":{"start":{"line":63,"column":4},"end":{"line":65,"column":null}},"31":{"start":{"line":64,"column":6},"end":{"line":64,"column":44}},"32":{"start":{"line":67,"column":4},"end":{"line":67,"column":24}},"33":{"start":{"line":70,"column":10},"end":{"line":88,"column":null}},"34":{"start":{"line":71,"column":21},"end":{"line":71,"column":50}},"35":{"start":{"line":73,"column":41},"end":{"line":74,"column":null}},"36":{"start":{"line":74,"column":30},"end":{"line":74,"column":null}},"37":{"start":{"line":77,"column":4},"end":{"line":87,"column":null}},"38":{"start":{"line":86,"column":6},"end":{"line":86,"column":44}},"39":{"start":{"line":90,"column":8},"end":{"line":107,"column":null}},"40":{"start":{"line":91,"column":8},"end":{"line":91,"column":40}},"41":{"start":{"line":93,"column":25},"end":{"line":93,"column":81}},"42":{"start":{"line":93,"column":6},"end":{"line":93,"column":81}},"43":{"start":{"line":99,"column":8},"end":{"line":99,"column":9}},"44":{"start":{"line":100,"column":32},"end":{"line":100,"column":null}},"45":{"start":{"line":100,"column":12},"end":{"line":100,"column":null}},"46":{"start":{"line":101,"column":12},"end":{"line":101,"column":87}},"47":{"start":{"line":102,"column":6},"end":{"line":105,"column":null}},"48":{"start":{"line":104,"column":8},"end":{"line":104,"column":87}},"49":{"start":{"line":12,"column":21},"end":{"line":108,"column":null}},"50":{"start":{"line":108,"column":0},"end":{"line":108,"column":null}},"51":{"start":{"line":12,"column":21},"end":{"line":12,"column":null}}},"fnMap":{"0":{"name":"(anonymous_18)","decl":{"start":{"line":12,"column":0},"end":{"line":12,"column":21}},"loc":{"start":{"line":12,"column":0},"end":{"line":12,"column":21}}},"1":{"name":"ControleAcessoService","decl":{"start":{"line":13,"column":2},"end":{"line":13,"column":null}},"loc":{"start":{"line":17,"column":54},"end":{"line":18,"column":6}}},"2":{"name":"(anonymous_20)","decl":{"start":{"line":20,"column":2},"end":{"line":20,"column":15}},"loc":{"start":{"line":20,"column":53},"end":{"line":40,"column":null}}},"3":{"name":"(anonymous_23)","decl":{"start":{"line":25,"column":8},"end":{"line":25,"column":9}},"loc":{"start":{"line":25,"column":50},"end":{"line":30,"column":9}}},"4":{"name":"(anonymous_24)","decl":{"start":{"line":42,"column":2},"end":{"line":42,"column":8}},"loc":{"start":{"line":42,"column":69},"end":{"line":53,"column":null}}},"5":{"name":"(anonymous_27)","decl":{"start":{"line":46,"column":62},"end":{"line":46,"column":63}},"loc":{"start":{"line":46,"column":77},"end":{"line":46,"column":100}}},"6":{"name":"(anonymous_28)","decl":{"start":{"line":59,"column":2},"end":{"line":59,"column":10}},"loc":{"start":{"line":59,"column":67},"end":{"line":68,"column":3}}},"7":{"name":"(anonymous_29)","decl":{"start":{"line":61,"column":39},"end":{"line":61,"column":46}},"loc":{"start":{"line":61,"column":46},"end":{"line":61,"column":57}}},"8":{"name":"(anonymous_30)","decl":{"start":{"line":70,"column":2},"end":{"line":70,"column":10}},"loc":{"start":{"line":70,"column":83},"end":{"line":88,"column":3}}},"9":{"name":"(anonymous_31)","decl":{"start":{"line":74,"column":6},"end":{"line":74,"column":26}},"loc":{"start":{"line":74,"column":26},"end":{"line":74,"column":50}}},"10":{"name":"(anonymous_32)","decl":{"start":{"line":90,"column":2},"end":{"line":90,"column":8}},"loc":{"start":{"line":90,"column":87},"end":{"line":107,"column":null}}}},"branchMap":{"0":{"loc":{"start":{"line":26,"column":10},"end":{"line":28,"column":null}},"type":"if","locations":[{"start":{"line":26,"column":10},"end":{"line":28,"column":null}},{"start":{"line":26,"column":10},"end":{"line":28,"column":null}}]},"1":{"loc":{"start":{"line":44,"column":41},"end":{"line":44,"column":null}},"type":"switch","locations":[{"start":{"line":44,"column":41},"end":{"line":44,"column":null}}]},"2":{"loc":{"start":{"line":48,"column":4},"end":{"line":50,"column":null}},"type":"if","locations":[{"start":{"line":48,"column":4},"end":{"line":50,"column":null}},{"start":{"line":48,"column":4},"end":{"line":50,"column":null}}]},"3":{"loc":{"start":{"line":63,"column":4},"end":{"line":65,"column":null}},"type":"if","locations":[{"start":{"line":63,"column":4},"end":{"line":65,"column":null}},{"start":{"line":63,"column":4},"end":{"line":65,"column":null}}]},"4":{"loc":{"start":{"line":63,"column":8},"end":{"line":63,"column":20}},"type":"binary-expr","locations":[{"start":{"line":63,"column":8},"end":{"line":63,"column":20}},{"start":{"line":63,"column":24},"end":{"line":63,"column":113}}]},"5":{"loc":{"start":{"line":77,"column":4},"end":{"line":87,"column":null}},"type":"if","locations":[{"start":{"line":77,"column":4},"end":{"line":87,"column":null}},{"start":{"line":77,"column":4},"end":{"line":87,"column":null}}]},"6":{"loc":{"start":{"line":78,"column":6},"end":{"line":78,"column":34}},"type":"binary-expr","locations":[{"start":{"line":78,"column":6},"end":{"line":78,"column":34}},{"start":{"line":79,"column":6},"end":{"line":82,"column":null}}]},"7":{"loc":{"start":{"line":99,"column":8},"end":{"line":99,"column":9}},"type":"if","locations":[{"start":{"line":99,"column":8},"end":{"line":99,"column":9}},{"start":{"line":99,"column":8},"end":{"line":99,"column":9}}]},"8":{"loc":{"start":{"line":102,"column":6},"end":{"line":105,"column":null}},"type":"if","locations":[{"start":{"line":102,"column":6},"end":{"line":105,"column":null}},{"start":{"line":102,"column":6},"end":{"line":105,"column":null}}]}},"s":{"0":2,"1":2,"2":2,"3":2,"4":2,"5":2,"6":2,"7":1,"8":1,"9":2,"10":3,"11":3,"12":2,"13":5,"14":2,"15":5,"16":2,"17":1,"18":2,"19":3,"20":3,"21":2,"22":8,"23":2,"24":1,"25":1,"26":2,"27":5,"28":5,"29":9,"30":5,"31":1,"32":4,"33":2,"34":3,"35":3,"36":15,"37":3,"38":2,"39":2,"40":6,"41":6,"42":6,"43":7,"44":5,"45":5,"46":5,"47":4,"48":3,"49":2,"50":2,"51":2},"f":{"0":2,"1":1,"2":3,"3":5,"4":3,"5":8,"6":5,"7":9,"8":3,"9":15,"10":6},"b":{"0":[2,3],"1":[3],"2":[1,1],"3":[1,4],"4":[5,2],"5":[1,2],"6":[3,2],"7":[1,5],"8":[3,1]}}
,"/home/patrik/Code/rarolabs/middleware-service-validation/src/utils/utils.ts": {"path":"/home/patrik/Code/rarolabs/middleware-service-validation/src/utils/utils.ts","statementMap":{"0":{"start":{"line":2,"column":0},"end":{"line":2,"column":65}},"1":{"start":{"line":5,"column":2},"end":{"line":5,"column":24}},"2":{"start":{"line":6,"column":2},"end":{"line":14,"column":5}},"3":{"start":{"line":9,"column":4},"end":{"line":12,"column":null}},"4":{"start":{"line":11,"column":6},"end":{"line":11,"column":25}},"5":{"start":{"line":15,"column":2},"end":{"line":15,"column":16}},"6":{"start":{"line":4,"column":0},"end":{"line":4,"column":16}},"7":{"start":{"line":19,"column":14},"end":{"line":19,"column":56}},"8":{"start":{"line":20,"column":16},"end":{"line":20,"column":65}},"9":{"start":{"line":21,"column":15},"end":{"line":21,"column":44}},"10":{"start":{"line":23,"column":2},"end":{"line":23,"column":35}},"11":{"start":{"line":18,"column":0},"end":{"line":18,"column":16}},"12":{"start":{"line":27,"column":23},"end":{"line":27,"column":37}},"13":{"start":{"line":28,"column":21},"end":{"line":28,"column":35}},"14":{"start":{"line":30,"column":21},"end":{"line":30,"column":41}},"15":{"start":{"line":31,"column":2},"end":{"line":31,"column":74}},"16":{"start":{"line":33,"column":2},"end":{"line":33,"column":36}},"17":{"start":{"line":34,"column":2},"end":{"line":34,"column":72}},"18":{"start":{"line":36,"column":2},"end":{"line":36,"column":52}},"19":{"start":{"line":26,"column":0},"end":{"line":26,"column":16}},"20":{"start":{"line":40,"column":68},"end":{"line":48,"column":4}},"21":{"start":{"line":50,"column":2},"end":{"line":50,"column":46}},"22":{"start":{"line":39,"column":0},"end":{"line":39,"column":16}}},"fnMap":{"0":{"name":"removeUndefinedKey","decl":{"start":{"line":4,"column":16},"end":{"line":4,"column":34}},"loc":{"start":{"line":4,"column":64},"end":{"line":16,"column":1}}},"1":{"name":"(anonymous_1)","decl":{"start":{"line":6,"column":30},"end":{"line":6,"column":31}},"loc":{"start":{"line":6,"column":42},"end":{"line":14,"column":3}}},"2":{"name":"getDateFormatFromDate","decl":{"start":{"line":18,"column":16},"end":{"line":18,"column":37}},"loc":{"start":{"line":18,"column":48},"end":{"line":24,"column":1}}},"3":{"name":"isDateInIntervalTime","decl":{"start":{"line":26,"column":16},"end":{"line":26,"column":36}},"loc":{"start":{"line":26,"column":83},"end":{"line":37,"column":1}}},"4":{"name":"getDayOfTheWeekFromDate","decl":{"start":{"line":39,"column":16},"end":{"line":39,"column":39}},"loc":{"start":{"line":39,"column":50},"end":{"line":51,"column":1}}}},"branchMap":{"0":{"loc":{"start":{"line":5,"column":11},"end":{"line":5,"column":17}},"type":"binary-expr","locations":[{"start":{"line":5,"column":11},"end":{"line":5,"column":17}},{"start":{"line":5,"column":21},"end":{"line":5,"column":23}}]},"1":{"loc":{"start":{"line":9,"column":4},"end":{"line":12,"column":null}},"type":"if","locations":[{"start":{"line":9,"column":4},"end":{"line":12,"column":null}},{"start":{"line":9,"column":4},"end":{"line":12,"column":null}}]},"2":{"loc":{"start":{"line":36,"column":9},"end":{"line":36,"column":29}},"type":"binary-expr","locations":[{"start":{"line":36,"column":9},"end":{"line":36,"column":29}},{"start":{"line":36,"column":33},"end":{"line":36,"column":51}}]}},"s":{"0":3,"1":2,"2":2,"3":3,"4":1,"5":2,"6":3,"7":6,"8":6,"9":6,"10":6,"11":3,"12":6,"13":6,"14":6,"15":6,"16":6,"17":6,"18":6,"19":3,"20":4,"21":4,"22":3},"f":{"0":2,"1":3,"2":6,"3":6,"4":4},"b":{"0":[2,0],"1":[1,2],"2":[6,5]}}
}
