TN:
SF:src/clients/IFuncionamentoBBCEApi.ts
FN:9,(anonymous_0)
FNF:1
FNH:1
FNDA:3,(anonymous_0)
DA:9,3
DA:10,3
DA:11,3
DA:12,3
DA:13,3
DA:14,3
DA:15,3
DA:16,3
LF:8
LH:8
BRDA:9,0,0,3
BRDA:9,0,1,3
BRF:2
BRH:2
end_of_record
TN:
SF:src/clients/funcionamentoBBCEApi.ts
FN:7,(anonymous_17)
FN:8,FuncionamentoBBCEApi
FN:13,(anonymous_19)
FNF:3
FNH:1
FNDA:2,(anonymous_17)
FNDA:0,FuncionamentoBBCEApi
FNDA:0,(anonymous_19)
DA:1,2
DA:7,2
DA:10,0
DA:13,2
DA:14,0
DA:16,2
LF:6
LH:4
BRDA:14,0,0,0
BRDA:14,0,1,0
BRF:2
BRH:0
end_of_record
TN:
SF:src/clients/permissoesApi.ts
FN:7,(anonymous_17)
FN:8,PermissoesApi
FN:13,(anonymous_19)
FNF:3
FNH:1
FNDA:2,(anonymous_17)
FNDA:0,PermissoesApi
FNDA:0,(anonymous_19)
DA:1,2
DA:7,2
DA:10,0
DA:13,2
DA:14,0
DA:16,2
LF:6
LH:4
BRDA:14,0,0,0
BRDA:14,0,1,0
BRF:2
BRH:0
end_of_record
TN:
SF:src/middleware/controleAcesso.ts
FN:18,(anonymous_18)
FN:19,ControleAcesso
FN:21,(anonymous_20)
FN:25,(anonymous_23)
FN:41,(anonymous_24)
FN:45,(anonymous_27)
FN:60,(anonymous_28)
FN:61,(anonymous_30)
FNF:8
FNH:7
FNDA:1,(anonymous_18)
FNDA:1,ControleAcesso
FNDA:4,(anonymous_20)
FNDA:12,(anonymous_23)
FNDA:4,(anonymous_24)
FNDA:12,(anonymous_27)
FNDA:1,(anonymous_28)
FNDA:0,(anonymous_30)
DA:2,1
DA:4,1
DA:6,1
DA:7,1
DA:8,1
DA:9,1
DA:10,1
DA:18,1
DA:19,1
DA:21,1
DA:24,4
DA:25,12
DA:28,4
DA:30,1
DA:31,1
DA:33,3
DA:34,0
DA:36,3
DA:41,1
DA:44,4
DA:45,12
DA:46,4
DA:48,8
DA:49,1
DA:51,3
DA:52,0
DA:54,3
DA:58,1
DA:60,1
DA:61,1
DA:62,0
DA:66,0
DA:70,0
DA:71,0
DA:72,0
DA:74,0
DA:76,1
LF:37
LH:29
BRDA:33,0,0,0
BRDA:33,0,1,3
BRDA:33,1,0,3
BRDA:33,1,1,3
BRDA:51,2,0,0
BRDA:51,2,1,3
BRDA:51,3,0,3
BRDA:51,3,1,3
BRF:8
BRH:6
end_of_record
TN:
SF:src/services/controleAcessoService.ts
FN:12,(anonymous_18)
FN:13,ControleAcessoService
FN:20,(anonymous_20)
FN:25,(anonymous_23)
FN:42,(anonymous_24)
FN:46,(anonymous_27)
FN:59,(anonymous_28)
FN:61,(anonymous_29)
FN:70,(anonymous_30)
FN:74,(anonymous_31)
FN:90,(anonymous_32)
FNF:11
FNH:11
FNDA:2,(anonymous_18)
FNDA:1,ControleAcessoService
FNDA:3,(anonymous_20)
FNDA:5,(anonymous_23)
FNDA:3,(anonymous_24)
FNDA:8,(anonymous_27)
FNDA:5,(anonymous_28)
FNDA:9,(anonymous_29)
FNDA:3,(anonymous_30)
FNDA:15,(anonymous_31)
FNDA:6,(anonymous_32)
DA:1,2
DA:2,2
DA:3,2
DA:6,2
DA:8,2
DA:9,2
DA:12,2
DA:15,1
DA:17,1
DA:20,2
DA:22,3
DA:24,2
DA:26,5
DA:27,2
DA:29,5
DA:34,2
DA:38,1
DA:42,2
DA:44,3
DA:46,8
DA:48,2
DA:49,1
DA:52,1
DA:59,2
DA:60,5
DA:61,9
DA:63,5
DA:64,1
DA:67,4
DA:70,2
DA:71,3
DA:73,3
DA:74,15
DA:77,3
DA:86,2
DA:90,2
DA:91,6
DA:93,6
DA:99,7
DA:100,5
DA:101,5
DA:102,4
DA:104,3
DA:108,2
LF:44
LH:44
BRDA:26,0,0,2
BRDA:26,0,1,3
BRDA:44,1,0,3
BRDA:48,2,0,1
BRDA:48,2,1,1
BRDA:63,3,0,1
BRDA:63,3,1,4
BRDA:63,4,0,5
BRDA:63,4,1,2
BRDA:77,5,0,1
BRDA:77,5,1,2
BRDA:78,6,0,3
BRDA:78,6,1,2
BRDA:99,7,0,1
BRDA:99,7,1,5
BRDA:102,8,0,3
BRDA:102,8,1,1
BRF:17
BRH:17
end_of_record
TN:
SF:src/utils/utils.ts
FN:4,removeUndefinedKey
FN:6,(anonymous_1)
FN:18,getDateFormatFromDate
FN:26,isDateInIntervalTime
FN:39,getDayOfTheWeekFromDate
FNF:5
FNH:5
FNDA:2,removeUndefinedKey
FNDA:3,(anonymous_1)
FNDA:6,getDateFormatFromDate
FNDA:6,isDateInIntervalTime
FNDA:4,getDayOfTheWeekFromDate
DA:2,3
DA:4,3
DA:5,2
DA:6,2
DA:9,3
DA:11,1
DA:15,2
DA:18,3
DA:19,6
DA:20,6
DA:21,6
DA:23,6
DA:26,3
DA:27,6
DA:28,6
DA:30,6
DA:31,6
DA:33,6
DA:34,6
DA:36,6
DA:39,3
DA:40,4
DA:50,4
LF:23
LH:23
BRDA:5,0,0,2
BRDA:5,0,1,0
BRDA:9,1,0,1
BRDA:9,1,1,2
BRDA:36,2,0,6
BRDA:36,2,1,5
BRF:6
BRH:5
end_of_record
